[INFO  - 2017-10-14T10:36:14.178Z] GhostDriver - Main - running on port 58929
[INFO  - 2017-10-14T10:36:14.442Z] Session [80d4f860-b0cb-11e7-bada-4fe645959b50] - page.settings - {"XSSAuditingEnabled":false,"javascriptCanCloseWindows":true,"javascriptCanOpenWindows":true,"javascriptEnabled":true,"loadImages":true,"localToRemoteUrlAccessEnabled":false,"userAgent":"Mozilla/5.0 (Macintosh; Intel Mac OS X) AppleWebKit/538.1 (KHTML, like Gecko) PhantomJS/2.1.1 Safari/538.1","webSecurityEnabled":true}
[INFO  - 2017-10-14T10:36:14.442Z] Session [80d4f860-b0cb-11e7-bada-4fe645959b50] - page.customHeaders:  - {}
[INFO  - 2017-10-14T10:36:14.442Z] Session [80d4f860-b0cb-11e7-bada-4fe645959b50] - Session.negotiatedCapabilities - {"browserName":"phantomjs","version":"2.1.1","driverName":"ghostdriver","driverVersion":"1.2.0","platform":"mac-unknown-64bit","javascriptEnabled":true,"takesScreenshot":true,"handlesAlerts":false,"databaseEnabled":false,"locationContextEnabled":false,"applicationCacheEnabled":false,"browserConnectionEnabled":false,"cssSelectorsEnabled":true,"webStorageEnabled":false,"rotatable":false,"acceptSslCerts":false,"nativeEvents":true,"proxy":{"proxyType":"direct"}}
[INFO  - 2017-10-14T10:36:14.442Z] SessionManagerReqHand - _postNewSessionCommand - New Session Created: 80d4f860-b0cb-11e7-bada-4fe645959b50
[ERROR - 2017-10-14T10:36:19.127Z] Session [80d4f860-b0cb-11e7-bada-4fe645959b50] - page.onError - msg: TypeError: undefined is not a constructor (evaluating 'Array.from(t)')

  phantomjs://platform/console++.js:263 in error
[ERROR - 2017-10-14T10:36:19.127Z] Session [80d4f860-b0cb-11e7-bada-4fe645959b50] - page.onError - stack:
  aa (https://connect.facebook.net/signals/config/521342914705437?v=2.7.23:23)
  r (https://connect.facebook.net/signals/config/521342914705437?v=2.7.23:23)
  (anonymous function) (https://connect.facebook.net/signals/config/521342914705437?v=2.7.23:23)

  phantomjs://platform/console++.js:263 in error
[ERROR - 2017-10-14T10:36:19.189Z] Session [80d4f860-b0cb-11e7-bada-4fe645959b50] - page.onError - msg: TypeError: undefined is not a constructor (evaluating 'Array.from(t)')

  phantomjs://platform/console++.js:263 in error
[ERROR - 2017-10-14T10:36:19.189Z] Session [80d4f860-b0cb-11e7-bada-4fe645959b50] - page.onError - stack:
  aa (https://connect.facebook.net/signals/config/521342914705437?v=2.7.23:23)
  r (https://connect.facebook.net/signals/config/521342914705437?v=2.7.23:23)
  (anonymous function) (https://connect.facebook.net/signals/config/521342914705437?v=2.7.23:23)

  phantomjs://platform/console++.js:263 in error
[ERROR - 2017-10-14T10:36:19.232Z] Session [80d4f860-b0cb-11e7-bada-4fe645959b50] - page.onError - msg: TypeError: undefined is not a constructor (evaluating 'Array.from(t)')

  phantomjs://platform/console++.js:263 in error
[ERROR - 2017-10-14T10:36:19.233Z] Session [80d4f860-b0cb-11e7-bada-4fe645959b50] - page.onError - stack:
  aa (https://connect.facebook.net/signals/config/521342914705437?v=2.7.23:23)
  r (https://connect.facebook.net/signals/config/521342914705437?v=2.7.23:23)
  (anonymous function) (https://connect.facebook.net/signals/config/521342914705437?v=2.7.23:23)

  phantomjs://platform/console++.js:263 in error
[INFO  - 2017-10-14T15:04:18.772Z] SessionManagerReqHand - _cleanupWindowlessSessions - Asynchronous Sessions clean-up phase starting NOW
[INFO  - 2017-10-14T15:04:18.773Z] SessionManagerReqHand - _cleanupWindowlessSessions - Deleted Session '80d4f860-b0cb-11e7-bada-4fe645959b50', because windowless
